mode: set
github.com/jennsenr/impostor/api/internal/domain/entity/game.go:23.71,33.2 1 1
github.com/jennsenr/impostor/api/internal/domain/entity/game.go:36.43,37.34 1 1
github.com/jennsenr/impostor/api/internal/domain/entity/game.go:37.34,39.3 1 1
github.com/jennsenr/impostor/api/internal/domain/entity/game.go:40.2,40.26 1 1
github.com/jennsenr/impostor/api/internal/domain/entity/game.go:40.26,42.3 1 1
github.com/jennsenr/impostor/api/internal/domain/entity/game.go:43.2,43.30 1 1
github.com/jennsenr/impostor/api/internal/domain/entity/game.go:43.30,44.28 1 1
github.com/jennsenr/impostor/api/internal/domain/entity/game.go:44.28,46.4 1 1
github.com/jennsenr/impostor/api/internal/domain/entity/game.go:47.3,47.36 1 1
github.com/jennsenr/impostor/api/internal/domain/entity/game.go:47.36,49.4 1 1
github.com/jennsenr/impostor/api/internal/domain/entity/game.go:51.2,52.12 2 1
github.com/jennsenr/impostor/api/internal/domain/entity/game.go:57.55,58.24 1 1
github.com/jennsenr/impostor/api/internal/domain/entity/game.go:58.24,60.3 1 1
github.com/jennsenr/impostor/api/internal/domain/entity/game.go:61.2,61.24 1 1
github.com/jennsenr/impostor/api/internal/domain/entity/game.go:61.24,63.3 1 1
github.com/jennsenr/impostor/api/internal/domain/entity/game.go:64.2,64.34 1 1
github.com/jennsenr/impostor/api/internal/domain/entity/game.go:64.34,66.3 1 0
github.com/jennsenr/impostor/api/internal/domain/entity/game.go:69.2,72.30 4 1
github.com/jennsenr/impostor/api/internal/domain/entity/game.go:72.30,73.36 1 1
github.com/jennsenr/impostor/api/internal/domain/entity/game.go:73.36,76.9 3 1
github.com/jennsenr/impostor/api/internal/domain/entity/game.go:80.2,80.12 1 1
github.com/jennsenr/impostor/api/internal/domain/entity/game.go:80.12,82.3 1 0
github.com/jennsenr/impostor/api/internal/domain/entity/game.go:85.2,85.60 1 1
github.com/jennsenr/impostor/api/internal/domain/entity/game.go:85.60,87.3 1 0
github.com/jennsenr/impostor/api/internal/domain/entity/game.go:90.2,96.25 4 1
github.com/jennsenr/impostor/api/internal/domain/entity/game.go:96.25,98.3 1 0
github.com/jennsenr/impostor/api/internal/domain/entity/game.go:101.2,101.46 1 1
github.com/jennsenr/impostor/api/internal/domain/entity/game.go:101.46,103.3 1 1
github.com/jennsenr/impostor/api/internal/domain/entity/game.go:105.2,105.38 1 1
github.com/jennsenr/impostor/api/internal/domain/entity/game.go:105.38,106.23 1 1
github.com/jennsenr/impostor/api/internal/domain/entity/game.go:106.23,108.4 1 1
github.com/jennsenr/impostor/api/internal/domain/entity/game.go:108.9,110.4 1 1
github.com/jennsenr/impostor/api/internal/domain/entity/game.go:111.3,113.31 3 1
github.com/jennsenr/impostor/api/internal/domain/entity/game.go:116.2,116.21 1 1
github.com/jennsenr/impostor/api/internal/domain/entity/game.go:116.21,118.3 1 0
github.com/jennsenr/impostor/api/internal/domain/entity/game.go:118.8,120.3 1 1
github.com/jennsenr/impostor/api/internal/domain/entity/game.go:122.2,122.12 1 1
github.com/jennsenr/impostor/api/internal/domain/entity/game.go:126.35,127.34 1 1
github.com/jennsenr/impostor/api/internal/domain/entity/game.go:127.34,129.3 1 0
github.com/jennsenr/impostor/api/internal/domain/entity/game.go:130.2,131.12 2 1
github.com/jennsenr/impostor/api/internal/domain/entity/game.go:136.45,137.32 1 1
github.com/jennsenr/impostor/api/internal/domain/entity/game.go:137.32,139.3 1 0
github.com/jennsenr/impostor/api/internal/domain/entity/game.go:141.2,143.30 3 1
github.com/jennsenr/impostor/api/internal/domain/entity/game.go:143.30,144.23 1 1
github.com/jennsenr/impostor/api/internal/domain/entity/game.go:144.23,147.4 2 1
github.com/jennsenr/impostor/api/internal/domain/entity/game.go:148.3,148.17 1 1
github.com/jennsenr/impostor/api/internal/domain/entity/game.go:148.17,150.4 1 1
github.com/jennsenr/impostor/api/internal/domain/entity/game.go:153.2,153.12 1 1
github.com/jennsenr/impostor/api/internal/domain/entity/game.go:153.12,155.3 1 0
github.com/jennsenr/impostor/api/internal/domain/entity/game.go:157.2,157.14 1 1
github.com/jennsenr/impostor/api/internal/domain/entity/game.go:157.14,161.3 3 1
github.com/jennsenr/impostor/api/internal/domain/entity/game.go:163.2,163.12 1 1
github.com/jennsenr/impostor/api/internal/domain/entity/game.go:167.33,168.34 1 1
github.com/jennsenr/impostor/api/internal/domain/entity/game.go:168.34,170.3 1 0
github.com/jennsenr/impostor/api/internal/domain/entity/game.go:173.2,173.38 1 1
github.com/jennsenr/impostor/api/internal/domain/entity/game.go:173.38,177.30 2 1
github.com/jennsenr/impostor/api/internal/domain/entity/game.go:177.30,180.4 2 1
github.com/jennsenr/impostor/api/internal/domain/entity/game.go:182.3,182.44 1 1
github.com/jennsenr/impostor/api/internal/domain/entity/game.go:182.44,184.4 1 1
github.com/jennsenr/impostor/api/internal/domain/entity/game.go:187.2,187.12 1 0
github.com/jennsenr/impostor/api/internal/domain/entity/game.go:191.48,192.68 1 1
github.com/jennsenr/impostor/api/internal/domain/entity/game.go:192.68,194.3 1 0
github.com/jennsenr/impostor/api/internal/domain/entity/game.go:195.2,195.41 1 1
github.com/jennsenr/impostor/api/internal/domain/entity/game.go:199.50,202.32 2 0
github.com/jennsenr/impostor/api/internal/domain/entity/game.go:202.32,206.31 3 0
github.com/jennsenr/impostor/api/internal/domain/entity/game.go:206.31,208.4 1 0
github.com/jennsenr/impostor/api/internal/domain/entity/game.go:210.2,210.12 1 0
github.com/jennsenr/impostor/api/internal/domain/entity/game.go:214.53,215.33 1 1
github.com/jennsenr/impostor/api/internal/domain/entity/game.go:215.33,217.3 1 0
github.com/jennsenr/impostor/api/internal/domain/entity/game.go:219.2,221.30 3 1
github.com/jennsenr/impostor/api/internal/domain/entity/game.go:221.30,222.22 1 1
github.com/jennsenr/impostor/api/internal/domain/entity/game.go:222.22,224.4 1 1
github.com/jennsenr/impostor/api/internal/domain/entity/game.go:225.3,225.23 1 1
github.com/jennsenr/impostor/api/internal/domain/entity/game.go:225.23,227.4 1 1
github.com/jennsenr/impostor/api/internal/domain/entity/game.go:230.2,230.95 1 1
github.com/jennsenr/impostor/api/internal/domain/entity/game.go:230.95,232.3 1 0
github.com/jennsenr/impostor/api/internal/domain/entity/game.go:234.2,238.12 3 1
github.com/jennsenr/impostor/api/internal/domain/entity/game.go:243.64,244.33 1 1
github.com/jennsenr/impostor/api/internal/domain/entity/game.go:244.33,246.3 1 0
github.com/jennsenr/impostor/api/internal/domain/entity/game.go:249.2,251.30 3 1
github.com/jennsenr/impostor/api/internal/domain/entity/game.go:251.30,252.54 1 1
github.com/jennsenr/impostor/api/internal/domain/entity/game.go:252.54,254.45 2 1
github.com/jennsenr/impostor/api/internal/domain/entity/game.go:254.45,256.5 1 1
github.com/jennsenr/impostor/api/internal/domain/entity/game.go:261.2,262.36 2 1
github.com/jennsenr/impostor/api/internal/domain/entity/game.go:262.36,263.40 1 1
github.com/jennsenr/impostor/api/internal/domain/entity/game.go:263.40,265.4 1 1
github.com/jennsenr/impostor/api/internal/domain/entity/game.go:268.2,272.26 3 1
github.com/jennsenr/impostor/api/internal/domain/entity/game.go:272.26,274.31 2 1
github.com/jennsenr/impostor/api/internal/domain/entity/game.go:274.31,275.26 1 1
github.com/jennsenr/impostor/api/internal/domain/entity/game.go:275.26,278.10 3 1
github.com/jennsenr/impostor/api/internal/domain/entity/game.go:284.2,290.30 5 1
github.com/jennsenr/impostor/api/internal/domain/entity/game.go:290.30,291.16 1 1
github.com/jennsenr/impostor/api/internal/domain/entity/game.go:291.16,292.20 1 1
github.com/jennsenr/impostor/api/internal/domain/entity/game.go:292.20,294.5 1 1
github.com/jennsenr/impostor/api/internal/domain/entity/game.go:294.10,296.5 1 1
github.com/jennsenr/impostor/api/internal/domain/entity/game.go:300.2,300.25 1 1
github.com/jennsenr/impostor/api/internal/domain/entity/game.go:300.25,303.3 2 1
github.com/jennsenr/impostor/api/internal/domain/entity/game.go:303.8,303.45 1 1
github.com/jennsenr/impostor/api/internal/domain/entity/game.go:303.45,307.3 2 1
github.com/jennsenr/impostor/api/internal/domain/entity/game.go:309.2,309.14 1 1
github.com/jennsenr/impostor/api/internal/domain/entity/game.go:309.14,311.3 1 1
github.com/jennsenr/impostor/api/internal/domain/entity/game.go:311.8,313.3 1 1
github.com/jennsenr/impostor/api/internal/domain/entity/game.go:315.2,315.54 1 1
github.com/jennsenr/impostor/api/internal/domain/entity/player.go:18.63,29.2 1 1
github.com/jennsenr/impostor/api/internal/domain/entity/word.go:12.91,19.2 1 0
github.com/jennsenr/impostor/api/internal/domain/vo/category.go:26.42,40.2 1 0
github.com/jennsenr/impostor/api/internal/domain/vo/game_id.go:7.25,9.2 1 0
github.com/jennsenr/impostor/api/internal/domain/vo/game_id.go:11.33,13.2 1 0
github.com/jennsenr/impostor/api/internal/domain/vo/game_id.go:15.33,18.2 2 0
github.com/jennsenr/impostor/api/internal/domain/vo/settings.go:11.81,19.2 1 0
github.com/jennsenr/impostor/api/internal/application/service/game_service.go:21.139,27.2 1 1
github.com/jennsenr/impostor/api/internal/application/service/game_service.go:30.108,31.30 1 1
github.com/jennsenr/impostor/api/internal/application/service/game_service.go:31.30,33.3 1 0
github.com/jennsenr/impostor/api/internal/application/service/game_service.go:36.2,42.31 5 1
github.com/jennsenr/impostor/api/internal/application/service/game_service.go:42.31,43.25 1 1
github.com/jennsenr/impostor/api/internal/application/service/game_service.go:43.25,45.9 2 1
github.com/jennsenr/impostor/api/internal/application/service/game_service.go:49.2,49.66 1 1
github.com/jennsenr/impostor/api/internal/application/service/game_service.go:49.66,51.3 1 0
github.com/jennsenr/impostor/api/internal/application/service/game_service.go:53.2,60.40 6 1
github.com/jennsenr/impostor/api/internal/application/service/game_service.go:60.40,62.3 1 0
github.com/jennsenr/impostor/api/internal/application/service/game_service.go:64.2,64.47 1 1
github.com/jennsenr/impostor/api/internal/application/service/game_service.go:64.47,66.3 1 0
github.com/jennsenr/impostor/api/internal/application/service/game_service.go:68.2,68.18 1 1
github.com/jennsenr/impostor/api/internal/application/service/game_service.go:72.119,75.16 3 1
github.com/jennsenr/impostor/api/internal/application/service/game_service.go:75.16,77.3 1 0
github.com/jennsenr/impostor/api/internal/application/service/game_service.go:79.2,82.42 3 1
github.com/jennsenr/impostor/api/internal/application/service/game_service.go:82.42,84.3 1 0
github.com/jennsenr/impostor/api/internal/application/service/game_service.go:86.2,86.47 1 1
github.com/jennsenr/impostor/api/internal/application/service/game_service.go:86.47,88.3 1 0
github.com/jennsenr/impostor/api/internal/application/service/game_service.go:91.2,93.18 2 1
github.com/jennsenr/impostor/api/internal/application/service/game_service.go:97.89,99.2 1 0
github.com/jennsenr/impostor/api/internal/application/service/game_service.go:102.106,104.16 2 1
github.com/jennsenr/impostor/api/internal/application/service/game_service.go:104.16,106.3 1 0
github.com/jennsenr/impostor/api/internal/application/service/game_service.go:108.2,109.16 2 1
github.com/jennsenr/impostor/api/internal/application/service/game_service.go:109.16,111.3 1 0
github.com/jennsenr/impostor/api/internal/application/service/game_service.go:113.2,113.49 1 1
github.com/jennsenr/impostor/api/internal/application/service/game_service.go:113.49,115.3 1 0
github.com/jennsenr/impostor/api/internal/application/service/game_service.go:117.2,117.47 1 1
github.com/jennsenr/impostor/api/internal/application/service/game_service.go:117.47,119.3 1 0
github.com/jennsenr/impostor/api/internal/application/service/game_service.go:121.2,123.18 2 1
github.com/jennsenr/impostor/api/internal/application/service/game_service.go:127.110,129.16 2 1
github.com/jennsenr/impostor/api/internal/application/service/game_service.go:129.16,131.3 1 0
github.com/jennsenr/impostor/api/internal/application/service/game_service.go:133.2,133.45 1 1
github.com/jennsenr/impostor/api/internal/application/service/game_service.go:133.45,135.3 1 0
github.com/jennsenr/impostor/api/internal/application/service/game_service.go:137.2,137.47 1 1
github.com/jennsenr/impostor/api/internal/application/service/game_service.go:137.47,139.3 1 0
github.com/jennsenr/impostor/api/internal/application/service/game_service.go:141.2,143.18 2 1
github.com/jennsenr/impostor/api/internal/application/service/game_service.go:147.90,149.16 2 0
github.com/jennsenr/impostor/api/internal/application/service/game_service.go:149.16,151.3 1 0
github.com/jennsenr/impostor/api/internal/application/service/game_service.go:153.2,153.40 1 0
github.com/jennsenr/impostor/api/internal/application/service/game_service.go:153.40,155.3 1 0
github.com/jennsenr/impostor/api/internal/application/service/game_service.go:157.2,157.47 1 0
github.com/jennsenr/impostor/api/internal/application/service/game_service.go:157.47,159.3 1 0
github.com/jennsenr/impostor/api/internal/application/service/game_service.go:161.2,163.18 2 0
github.com/jennsenr/impostor/api/internal/application/service/game_service.go:167.117,169.16 2 0
github.com/jennsenr/impostor/api/internal/application/service/game_service.go:169.16,171.3 1 0
github.com/jennsenr/impostor/api/internal/application/service/game_service.go:173.2,173.61 1 0
github.com/jennsenr/impostor/api/internal/application/service/game_service.go:173.61,175.3 1 0
github.com/jennsenr/impostor/api/internal/application/service/game_service.go:177.2,177.47 1 0
github.com/jennsenr/impostor/api/internal/application/service/game_service.go:177.47,179.3 1 0
github.com/jennsenr/impostor/api/internal/application/service/game_service.go:181.2,183.18 2 0
github.com/jennsenr/impostor/api/internal/application/service/game_service.go:187.125,189.16 2 0
github.com/jennsenr/impostor/api/internal/application/service/game_service.go:189.16,191.3 1 0
github.com/jennsenr/impostor/api/internal/application/service/game_service.go:193.2,193.22 1 0
github.com/jennsenr/impostor/api/internal/application/service/game_service.go:193.22,195.3 1 0
github.com/jennsenr/impostor/api/internal/application/service/game_service.go:195.8,197.3 1 0
github.com/jennsenr/impostor/api/internal/application/service/game_service.go:199.2,199.47 1 0
github.com/jennsenr/impostor/api/internal/application/service/game_service.go:199.47,201.3 1 0
github.com/jennsenr/impostor/api/internal/application/service/game_service.go:203.2,205.18 2 0
github.com/jennsenr/impostor/api/internal/application/service/game_service.go:209.90,211.16 2 0
github.com/jennsenr/impostor/api/internal/application/service/game_service.go:211.16,213.3 1 0
github.com/jennsenr/impostor/api/internal/application/service/game_service.go:215.2,215.42 1 0
github.com/jennsenr/impostor/api/internal/application/service/game_service.go:215.42,217.3 1 0
github.com/jennsenr/impostor/api/internal/application/service/game_service.go:219.2,219.47 1 0
github.com/jennsenr/impostor/api/internal/application/service/game_service.go:219.47,221.3 1 0
github.com/jennsenr/impostor/api/internal/application/service/game_service.go:223.2,225.18 2 0
github.com/jennsenr/impostor/api/internal/application/service/game_service.go:229.108,231.16 2 1
github.com/jennsenr/impostor/api/internal/application/service/game_service.go:231.16,233.3 1 0
github.com/jennsenr/impostor/api/internal/application/service/game_service.go:235.2,237.47 2 1
github.com/jennsenr/impostor/api/internal/application/service/game_service.go:237.47,239.3 1 0
github.com/jennsenr/impostor/api/internal/application/service/game_service.go:241.2,249.8 2 1
github.com/jennsenr/impostor/api/internal/application/service/game_service.go:253.81,255.2 1 0
github.com/jennsenr/impostor/api/internal/infrastructure/router/router.go:11.92,15.29 2 0
github.com/jennsenr/impostor/api/internal/infrastructure/router/router.go:15.29,21.36 5 0
github.com/jennsenr/impostor/api/internal/infrastructure/router/router.go:21.36,24.4 2 0
github.com/jennsenr/impostor/api/internal/infrastructure/router/router.go:26.3,26.11 1 0
github.com/jennsenr/impostor/api/internal/infrastructure/router/router.go:30.2,30.40 1 0
github.com/jennsenr/impostor/api/internal/infrastructure/router/router.go:30.40,32.3 1 0
github.com/jennsenr/impostor/api/internal/infrastructure/router/router.go:35.2,36.22 2 0
github.com/jennsenr/impostor/api/internal/infrastructure/router/router.go:36.22,38.3 1 0
github.com/jennsenr/impostor/api/internal/infrastructure/router/router.go:39.2,43.2 3 0
github.com/jennsenr/impostor/api/internal/infrastructure/router/router.go:43.2,47.3 3 0
github.com/jennsenr/impostor/api/internal/infrastructure/router/router.go:47.3,61.4 11 0
github.com/jennsenr/impostor/api/internal/infrastructure/router/router.go:65.2,67.10 2 0
github.com/jennsenr/impostor/api/internal/infrastructure/repository/json_word_repository.go:22.74,24.16 2 0
github.com/jennsenr/impostor/api/internal/infrastructure/repository/json_word_repository.go:24.16,26.3 1 0
github.com/jennsenr/impostor/api/internal/infrastructure/repository/json_word_repository.go:28.2,29.53 2 0
github.com/jennsenr/impostor/api/internal/infrastructure/repository/json_word_repository.go:29.53,31.3 1 0
github.com/jennsenr/impostor/api/internal/infrastructure/repository/json_word_repository.go:33.2,33.47 1 0
github.com/jennsenr/impostor/api/internal/infrastructure/repository/json_word_repository.go:37.128,42.28 4 0
github.com/jennsenr/impostor/api/internal/infrastructure/repository/json_word_repository.go:42.28,43.59 1 0
github.com/jennsenr/impostor/api/internal/infrastructure/repository/json_word_repository.go:43.59,45.4 1 0
github.com/jennsenr/impostor/api/internal/infrastructure/repository/json_word_repository.go:48.2,48.24 1 0
github.com/jennsenr/impostor/api/internal/infrastructure/repository/json_word_repository.go:48.24,51.3 2 0
github.com/jennsenr/impostor/api/internal/infrastructure/repository/json_word_repository.go:53.2,54.28 2 0
github.com/jennsenr/impostor/api/internal/infrastructure/repository/json_word_repository.go:58.88,60.2 1 0
github.com/jennsenr/impostor/api/internal/infrastructure/repository/redis_event_publisher.go:14.72,16.2 1 0
github.com/jennsenr/impostor/api/internal/infrastructure/repository/redis_event_publisher.go:19.91,23.2 2 0
github.com/jennsenr/impostor/api/internal/infrastructure/repository/redis_game_repository.go:19.72,21.2 1 0
github.com/jennsenr/impostor/api/internal/infrastructure/repository/redis_game_repository.go:24.82,26.16 2 0
github.com/jennsenr/impostor/api/internal/infrastructure/repository/redis_game_repository.go:26.16,29.3 2 0
github.com/jennsenr/impostor/api/internal/infrastructure/repository/redis_game_repository.go:31.2,32.73 2 0
github.com/jennsenr/impostor/api/internal/infrastructure/repository/redis_game_repository.go:32.73,35.3 2 0
github.com/jennsenr/impostor/api/internal/infrastructure/repository/redis_game_repository.go:37.2,37.12 1 0
github.com/jennsenr/impostor/api/internal/infrastructure/repository/redis_game_repository.go:41.96,44.22 3 0
github.com/jennsenr/impostor/api/internal/infrastructure/repository/redis_game_repository.go:44.22,46.3 1 0
github.com/jennsenr/impostor/api/internal/infrastructure/repository/redis_game_repository.go:47.2,47.16 1 0
github.com/jennsenr/impostor/api/internal/infrastructure/repository/redis_game_repository.go:47.16,50.3 2 0
github.com/jennsenr/impostor/api/internal/infrastructure/repository/redis_game_repository.go:52.2,53.52 2 0
github.com/jennsenr/impostor/api/internal/infrastructure/repository/redis_game_repository.go:53.52,56.3 2 0
github.com/jennsenr/impostor/api/internal/infrastructure/repository/redis_game_repository.go:58.2,58.19 1 0
github.com/jennsenr/impostor/api/internal/infrastructure/repository/redis_game_repository.go:62.79,64.53 2 0
github.com/jennsenr/impostor/api/internal/infrastructure/repository/redis_game_repository.go:64.53,67.3 2 0
github.com/jennsenr/impostor/api/internal/infrastructure/repository/redis_game_repository.go:68.2,68.12 1 0
github.com/jennsenr/impostor/api/internal/infrastructure/ws/hub.go:23.73,29.2 1 0
github.com/jennsenr/impostor/api/internal/infrastructure/ws/hub.go:32.53,37.22 4 0
github.com/jennsenr/impostor/api/internal/infrastructure/ws/hub.go:37.22,44.3 4 0
github.com/jennsenr/impostor/api/internal/infrastructure/ws/hub.go:48.78,52.37 3 0
github.com/jennsenr/impostor/api/internal/infrastructure/ws/hub.go:52.37,54.3 1 0
github.com/jennsenr/impostor/api/internal/infrastructure/ws/hub.go:55.2,55.36 1 0
github.com/jennsenr/impostor/api/internal/infrastructure/ws/hub.go:59.63,63.42 3 0
github.com/jennsenr/impostor/api/internal/infrastructure/ws/hub.go:63.42,64.37 1 0
github.com/jennsenr/impostor/api/internal/infrastructure/ws/hub.go:64.37,66.29 2 0
github.com/jennsenr/impostor/api/internal/infrastructure/ws/hub.go:66.29,68.5 1 0
github.com/jennsenr/impostor/api/internal/infrastructure/ws/hub.go:69.4,69.9 1 0
github.com/jennsenr/impostor/api/internal/infrastructure/ws/hub.go:75.71,77.16 2 0
github.com/jennsenr/impostor/api/internal/infrastructure/ws/hub.go:77.16,80.3 2 0
github.com/jennsenr/impostor/api/internal/infrastructure/ws/hub.go:82.2,84.9 3 0
github.com/jennsenr/impostor/api/internal/infrastructure/ws/hub.go:84.9,87.3 2 0
github.com/jennsenr/impostor/api/internal/infrastructure/ws/hub.go:90.2,91.28 2 0
github.com/jennsenr/impostor/api/internal/infrastructure/ws/hub.go:91.28,93.3 1 0
github.com/jennsenr/impostor/api/internal/infrastructure/ws/hub.go:94.2,96.38 2 0
github.com/jennsenr/impostor/api/internal/infrastructure/ws/hub.go:96.38,99.38 2 0
github.com/jennsenr/impostor/api/internal/infrastructure/ws/hub.go:99.38,100.40 1 0
github.com/jennsenr/impostor/api/internal/infrastructure/ws/hub.go:100.40,102.10 2 0
github.com/jennsenr/impostor/api/internal/infrastructure/ws/hub.go:107.3,108.17 2 0
github.com/jennsenr/impostor/api/internal/infrastructure/ws/hub.go:108.17,110.4 1 0
github.com/jennsenr/impostor/api/internal/infrastructure/ws/hub.go:112.3,113.75 2 0
github.com/jennsenr/impostor/api/internal/infrastructure/ws/hub.go:113.75,117.4 3 0
github.com/jennsenr/impostor/api/internal/infrastructure/handler/game_handler.go:16.60,18.2 1 1
github.com/jennsenr/impostor/api/internal/infrastructure/handler/game_handler.go:21.50,23.47 2 1
github.com/jennsenr/impostor/api/internal/infrastructure/handler/game_handler.go:23.47,26.3 2 0
github.com/jennsenr/impostor/api/internal/infrastructure/handler/game_handler.go:28.2,29.16 2 1
github.com/jennsenr/impostor/api/internal/infrastructure/handler/game_handler.go:29.16,32.3 2 0
github.com/jennsenr/impostor/api/internal/infrastructure/handler/game_handler.go:34.2,34.34 1 1
github.com/jennsenr/impostor/api/internal/infrastructure/handler/game_handler.go:38.48,41.47 3 1
github.com/jennsenr/impostor/api/internal/infrastructure/handler/game_handler.go:41.47,44.3 2 0
github.com/jennsenr/impostor/api/internal/infrastructure/handler/game_handler.go:46.2,47.16 2 1
github.com/jennsenr/impostor/api/internal/infrastructure/handler/game_handler.go:47.16,50.3 2 0
github.com/jennsenr/impostor/api/internal/infrastructure/handler/game_handler.go:53.2,54.27 2 1
github.com/jennsenr/impostor/api/internal/infrastructure/handler/game_handler.go:54.27,56.3 1 1
github.com/jennsenr/impostor/api/internal/infrastructure/handler/game_handler.go:58.2,61.4 1 1
github.com/jennsenr/impostor/api/internal/infrastructure/handler/game_handler.go:65.48,68.16 3 0
github.com/jennsenr/impostor/api/internal/infrastructure/handler/game_handler.go:68.16,71.3 2 0
github.com/jennsenr/impostor/api/internal/infrastructure/handler/game_handler.go:73.2,73.29 1 0
github.com/jennsenr/impostor/api/internal/infrastructure/handler/game_handler.go:77.47,82.16 4 1
github.com/jennsenr/impostor/api/internal/infrastructure/handler/game_handler.go:82.16,85.3 2 0
github.com/jennsenr/impostor/api/internal/infrastructure/handler/game_handler.go:89.2,90.33 2 1
github.com/jennsenr/impostor/api/internal/infrastructure/handler/game_handler.go:90.33,91.39 1 0
github.com/jennsenr/impostor/api/internal/infrastructure/handler/game_handler.go:91.39,93.9 2 0
github.com/jennsenr/impostor/api/internal/infrastructure/handler/game_handler.go:97.2,97.16 1 1
github.com/jennsenr/impostor/api/internal/infrastructure/handler/game_handler.go:97.16,100.3 1 0
github.com/jennsenr/impostor/api/internal/infrastructure/handler/game_handler.go:102.2,102.29 1 1
github.com/jennsenr/impostor/api/internal/infrastructure/handler/game_handler.go:106.48,107.13 1 0
github.com/jennsenr/impostor/api/internal/infrastructure/handler/game_handler.go:108.28,109.58 1 0
github.com/jennsenr/impostor/api/internal/infrastructure/handler/game_handler.go:110.123,111.58 1 0
github.com/jennsenr/impostor/api/internal/infrastructure/handler/game_handler.go:112.46,113.60 1 0
github.com/jennsenr/impostor/api/internal/infrastructure/handler/game_handler.go:114.10,115.81 1 0
github.com/jennsenr/impostor/api/internal/infrastructure/handler/game_handler.go:120.49,123.18 3 1
github.com/jennsenr/impostor/api/internal/infrastructure/handler/game_handler.go:123.18,126.3 2 1
github.com/jennsenr/impostor/api/internal/infrastructure/handler/game_handler.go:128.2,129.16 2 1
github.com/jennsenr/impostor/api/internal/infrastructure/handler/game_handler.go:129.16,132.3 2 0
github.com/jennsenr/impostor/api/internal/infrastructure/handler/game_handler.go:134.2,134.29 1 1
github.com/jennsenr/impostor/api/internal/infrastructure/handler/game_handler.go:138.51,141.20 3 0
github.com/jennsenr/impostor/api/internal/infrastructure/handler/game_handler.go:141.20,144.3 2 0
github.com/jennsenr/impostor/api/internal/infrastructure/handler/game_handler.go:146.2,147.16 2 0
github.com/jennsenr/impostor/api/internal/infrastructure/handler/game_handler.go:147.16,150.3 2 0
github.com/jennsenr/impostor/api/internal/infrastructure/handler/game_handler.go:152.2,152.29 1 0
github.com/jennsenr/impostor/api/internal/infrastructure/handler/game_handler.go:156.48,159.16 3 0
github.com/jennsenr/impostor/api/internal/infrastructure/handler/game_handler.go:159.16,162.3 2 0
github.com/jennsenr/impostor/api/internal/infrastructure/handler/game_handler.go:164.2,164.29 1 0
github.com/jennsenr/impostor/api/internal/infrastructure/handler/game_handler.go:168.50,171.47 3 0
github.com/jennsenr/impostor/api/internal/infrastructure/handler/game_handler.go:171.47,174.3 2 0
github.com/jennsenr/impostor/api/internal/infrastructure/handler/game_handler.go:176.2,177.16 2 0
github.com/jennsenr/impostor/api/internal/infrastructure/handler/game_handler.go:177.16,180.3 2 0
github.com/jennsenr/impostor/api/internal/infrastructure/handler/game_handler.go:182.2,182.29 1 0
github.com/jennsenr/impostor/api/internal/infrastructure/handler/game_handler.go:186.54,189.47 3 0
github.com/jennsenr/impostor/api/internal/infrastructure/handler/game_handler.go:189.47,192.3 2 0
github.com/jennsenr/impostor/api/internal/infrastructure/handler/game_handler.go:194.2,195.16 2 0
github.com/jennsenr/impostor/api/internal/infrastructure/handler/game_handler.go:195.16,198.3 2 0
github.com/jennsenr/impostor/api/internal/infrastructure/handler/game_handler.go:200.2,200.29 1 0
github.com/jennsenr/impostor/api/internal/infrastructure/handler/game_handler.go:204.56,207.16 3 0
github.com/jennsenr/impostor/api/internal/infrastructure/handler/game_handler.go:207.16,210.3 2 0
github.com/jennsenr/impostor/api/internal/infrastructure/handler/game_handler.go:212.2,212.32 1 0
github.com/jennsenr/impostor/api/internal/infrastructure/handler/game_handler.go:216.53,218.16 2 0
github.com/jennsenr/impostor/api/internal/infrastructure/handler/game_handler.go:218.16,221.3 2 0
github.com/jennsenr/impostor/api/internal/infrastructure/handler/game_handler.go:223.2,223.35 1 0
github.com/jennsenr/impostor/api/internal/infrastructure/handler/ws_handler.go:13.42,15.3 1 0
github.com/jennsenr/impostor/api/internal/infrastructure/handler/ws_handler.go:22.43,24.2 1 0
github.com/jennsenr/impostor/api/internal/infrastructure/handler/ws_handler.go:27.46,31.20 3 0
github.com/jennsenr/impostor/api/internal/infrastructure/handler/ws_handler.go:31.20,34.3 2 0
github.com/jennsenr/impostor/api/internal/infrastructure/handler/ws_handler.go:36.2,37.16 2 0
github.com/jennsenr/impostor/api/internal/infrastructure/handler/ws_handler.go:37.16,40.3 2 0
github.com/jennsenr/impostor/api/internal/infrastructure/handler/ws_handler.go:42.2,44.15 2 0
github.com/jennsenr/impostor/api/internal/infrastructure/handler/ws_handler.go:44.15,47.3 2 0
github.com/jennsenr/impostor/api/internal/infrastructure/handler/ws_handler.go:50.2,50.6 1 0
github.com/jennsenr/impostor/api/internal/infrastructure/handler/ws_handler.go:50.6,52.17 2 0
github.com/jennsenr/impostor/api/internal/infrastructure/handler/ws_handler.go:52.17,53.9 1 0
